[2025-02-23T08:06:13.769629] ERROR: setting an array element with a sequence.
TypeError: only length-1 arrays can be converted to Python scalars

The above exception was the direct cause of the following exception:

Traceback (most recent call last):
  File "/home/phiarchitect/PROJECTS/geometor/seer/src/geometor/seer/seer.py", line 85, in solve
    self._investigate(task)
  File "/home/phiarchitect/PROJECTS/geometor/seer/src/geometor/seer/seer.py", line 168, in _investigate
    self._test_extracted_codelist(extracted_code_list, task)
  File "/home/phiarchitect/PROJECTS/geometor/seer/src/geometor/seer/seer.py", line 217, in _test_extracted_codelist
    self.refine(
  File "/home/phiarchitect/PROJECTS/geometor/seer/src/geometor/seer/seer.py", line 398, in refine
    self._test_extracted_codelist(extracted_code_list, task)
  File "/home/phiarchitect/PROJECTS/geometor/seer/src/geometor/seer/seer.py", line 217, in _test_extracted_codelist
    self.refine(
  File "/home/phiarchitect/PROJECTS/geometor/seer/src/geometor/seer/seer.py", line 398, in refine
    self._test_extracted_codelist(extracted_code_list, task)
  File "/home/phiarchitect/PROJECTS/geometor/seer/src/geometor/seer/seer.py", line 180, in _test_extracted_codelist
    current_train_results = verifier.test_code(
  File "/home/phiarchitect/PROJECTS/geometor/seer/src/geometor/seer/verifier.py", line 87, in test_code
    example_result["transformed_output"] = Grid(
  File "/home/phiarchitect/PROJECTS/geometor/seer/src/geometor/seer/tasks/grid.py", line 23, in __init__
    self.grid = np.array(grid, dtype=int)
ValueError: setting an array element with a sequence.


