
ERROR

API call failed on attempt 2/2
Timeout of 120.0s exceeded, last exception: 429 You exceeded your current quota. Go to https://aistudio.google.com/apikey to upgrade your quota tier, or submit a quota increase request in https://ai.google.dev/gemini-api/docs/rate-limits#request-rate-limit-increase [violations {
}
, links {
  description: "Learn more about Gemini API quotas"
  url: "https://ai.google.dev/gemini-api/docs/rate-limits"
}
]
Traceback (most recent call last):
  File "/home/phi/.pyenv/versions/3.13.2/lib/python3.13/site-packages/google/api_core/grpc_helpers.py", line 76, in error_remapped_callable
    return callable_(*args, **kwargs)
  File "/home/phi/.pyenv/versions/3.13.2/lib/python3.13/site-packages/grpc/_interceptor.py", line 277, in __call__
    response, ignored_call = self._with_call(
                             ~~~~~~~~~~~~~~~^
        request,
        ^^^^^^^^
    ...<4 lines>...
        compression=compression,
        ^^^^^^^^^^^^^^^^^^^^^^^^
    )
    ^
  File "/home/phi/.pyenv/versions/3.13.2/lib/python3.13/site-packages/grpc/_interceptor.py", line 332, in _with_call
    return call.result(), call
           ~~~~~~~~~~~^^
  File "/home/phi/.pyenv/versions/3.13.2/lib/python3.13/site-packages/grpc/_channel.py", line 440, in result
    raise self
  File "/home/phi/.pyenv/versions/3.13.2/lib/python3.13/site-packages/grpc/_interceptor.py", line 315, in continuation
    response, call = self._thunk(new_method).with_call(
                     ~~~~~~~~~~~~~~~~~~~~~~~~~~~~~~~~~^
        request,
        ^^^^^^^^
    ...<4 lines>...
        compression=new_compression,
        ^^^^^^^^^^^^^^^^^^^^^^^^^^^^
    )
    ^
  File "/home/phi/.pyenv/versions/3.13.2/lib/python3.13/site-packages/grpc/_channel.py", line 1198, in with_call
    return _end_unary_response_blocking(state, call, True, None)
  File "/home/phi/.pyenv/versions/3.13.2/lib/python3.13/site-packages/grpc/_channel.py", line 1006, in _end_unary_response_blocking
    raise _InactiveRpcError(state)  # pytype: disable=not-instantiable
    ^^^^^^^^^^^^^^^^^^^^^^^^^^^^^^
grpc._channel._InactiveRpcError: <_InactiveRpcError of RPC that terminated with:
	status = StatusCode.RESOURCE_EXHAUSTED
	details = "You exceeded your current quota. Go to https://aistudio.google.com/apikey to upgrade your quota tier, or submit a quota increase request in https://ai.google.dev/gemini-api/docs/rate-limits#request-rate-limit-increase"
	debug_error_string = "UNKNOWN:Error received from peer ipv4:74.125.142.95:443 {created_time:"2025-04-11T15:17:52.38149827-07:00", grpc_status:8, grpc_message:"You exceeded your current quota. Go to https://aistudio.google.com/apikey to upgrade your quota tier, or submit a quota increase request in https://ai.google.dev/gemini-api/docs/rate-limits#request-rate-limit-increase"}"
>

The above exception was the direct cause of the following exception:

Traceback (most recent call last):
  File "/home/phi/.pyenv/versions/3.13.2/lib/python3.13/site-packages/google/api_core/retry/retry_unary.py", line 144, in retry_target
    result = target()
  File "/home/phi/.pyenv/versions/3.13.2/lib/python3.13/site-packages/google/api_core/timeout.py", line 130, in func_with_timeout
    return func(*args, **kwargs)
  File "/home/phi/.pyenv/versions/3.13.2/lib/python3.13/site-packages/google/api_core/grpc_helpers.py", line 78, in error_remapped_callable
    raise exceptions.from_grpc_error(exc) from exc
google.api_core.exceptions.ResourceExhausted: 429 You exceeded your current quota. Go to https://aistudio.google.com/apikey to upgrade your quota tier, or submit a quota increase request in https://ai.google.dev/gemini-api/docs/rate-limits#request-rate-limit-increase [violations {
}
, links {
  description: "Learn more about Gemini API quotas"
  url: "https://ai.google.dev/gemini-api/docs/rate-limits"
}
]

The above exception was the direct cause of the following exception:

Traceback (most recent call last):
  File "/home/phi/PROJECTS/geometor/seer/src/geometor/seer/seer.py", line 295, in _generate
    response = client.generate_content(total_prompt, tools=tools)
  File "/home/phi/PROJECTS/geometor/seer/src/geometor/seer/gemini_client.py", line 130, in generate_content
    response = self.model.generate_content(
        prompt,
    ...<2 lines>...
        tool_config=tool_config, # Pass the generated tool_config
    )
  File "/home/phi/.pyenv/versions/3.13.2/lib/python3.13/site-packages/google/generativeai/generative_models.py", line 331, in generate_content
    response = self._client.generate_content(
        request,
        **request_options,
    )
  File "/home/phi/.pyenv/versions/3.13.2/lib/python3.13/site-packages/google/ai/generativelanguage_v1beta/services/generative_service/client.py", line 835, in generate_content
    response = rpc(
        request,
    ...<2 lines>...
        metadata=metadata,
    )
  File "/home/phi/.pyenv/versions/3.13.2/lib/python3.13/site-packages/google/api_core/gapic_v1/method.py", line 131, in __call__
    return wrapped_func(*args, **kwargs)
  File "/home/phi/.pyenv/versions/3.13.2/lib/python3.13/site-packages/google/api_core/retry/retry_unary.py", line 293, in retry_wrapped_func
    return retry_target(
        target,
    ...<3 lines>...
        on_error=on_error,
    )
  File "/home/phi/.pyenv/versions/3.13.2/lib/python3.13/site-packages/google/api_core/retry/retry_unary.py", line 153, in retry_target
    _retry_error_helper(
    ~~~~~~~~~~~~~~~~~~~^
        exc,
        ^^^^
    ...<6 lines>...
        timeout,
        ^^^^^^^^
    )
    ^
  File "/home/phi/.pyenv/versions/3.13.2/lib/python3.13/site-packages/google/api_core/retry/retry_base.py", line 221, in _retry_error_helper
    raise final_exc from source_exc
google.api_core.exceptions.RetryError: Timeout of 120.0s exceeded, last exception: 429 You exceeded your current quota. Go to https://aistudio.google.com/apikey to upgrade your quota tier, or submit a quota increase request in https://ai.google.dev/gemini-api/docs/rate-limits#request-rate-limit-increase [violations {
}
, links {
  description: "Learn more about Gemini API quotas"
  url: "https://ai.google.dev/gemini-api/docs/rate-limits"
}
]

